[debug] ----------------------------------------------------------------------
[debug] Command:      /usr/bin/nodejs /home/raviteja/npm-global/bin/firebase serve
[debug] CLI Version:  3.6.1
[debug] Platform:     linux
[debug] Node Version: v8.2.1
[debug] Time:         Fri Aug 04 2017 17:40:05 GMT+0530 (IST)
[debug] ----------------------------------------------------------------------
[debug] 
[debug] > command requires scopes: ["email","openid","https://www.googleapis.com/auth/cloudplatformprojects.readonly","https://www.googleapis.com/auth/firebase","https://www.googleapis.com/auth/cloud-platform"]
[debug] >>> HTTP REQUEST GET https://admin.firebase.com/v1/projects/socially-blood  
 Fri Aug 04 2017 17:40:05 GMT+0530 (IST)
[debug] ----------------------------------------------------------------------
[debug] Command:      /usr/bin/nodejs /home/raviteja/npm-global/bin/firebase serve
[debug] CLI Version:  3.6.1
[debug] Platform:     linux
[debug] Node Version: v8.2.1
[debug] Time:         Fri Aug 04 2017 17:40:45 GMT+0530 (IST)
[debug] ----------------------------------------------------------------------
[debug] 
[debug] > command requires scopes: ["email","openid","https://www.googleapis.com/auth/cloudplatformprojects.readonly","https://www.googleapis.com/auth/firebase","https://www.googleapis.com/auth/cloud-platform"]
[debug] >>> HTTP REQUEST GET https://admin.firebase.com/v1/projects/socially-blood  
 Fri Aug 04 2017 17:40:45 GMT+0530 (IST)
[debug] Error: getaddrinfo EAI_AGAIN admin.firebase.com:443
    at Object.exports._errnoException (util.js:1024:11)
    at errnoException (dns.js:55:15)
    at GetAddrInfoReqWrap.onlookup [as oncomplete] (dns.js:92:26)
[error] 
[error] Error: Server Error. getaddrinfo EAI_AGAIN admin.firebase.com:443
[debug] ----------------------------------------------------------------------
[debug] Command:      /usr/bin/nodejs /home/raviteja/npm-global/bin/firebase serve
[debug] CLI Version:  3.6.1
[debug] Platform:     linux
[debug] Node Version: v8.2.1
[debug] Time:         Fri Aug 04 2017 17:41:45 GMT+0530 (IST)
[debug] ----------------------------------------------------------------------
[debug] 
[debug] > command requires scopes: ["email","openid","https://www.googleapis.com/auth/cloudplatformprojects.readonly","https://www.googleapis.com/auth/firebase","https://www.googleapis.com/auth/cloud-platform"]
[debug] >>> HTTP REQUEST GET https://admin.firebase.com/v1/projects/socially-blood  
 Fri Aug 04 2017 17:41:45 GMT+0530 (IST)
[debug] Error: getaddrinfo EAI_AGAIN admin.firebase.com:443
    at Object.exports._errnoException (util.js:1024:11)
    at errnoException (dns.js:55:15)
    at GetAddrInfoReqWrap.onlookup [as oncomplete] (dns.js:92:26)
[error] 
[error] Error: Server Error. getaddrinfo EAI_AGAIN admin.firebase.com:443
[debug] ----------------------------------------------------------------------
[debug] Command:      /usr/bin/nodejs /home/raviteja/npm-global/bin/firebase serve
[debug] CLI Version:  3.6.1
[debug] Platform:     linux
[debug] Node Version: v8.2.1
[debug] Time:         Fri Aug 04 2017 17:42:52 GMT+0530 (IST)
[debug] ----------------------------------------------------------------------
[debug] 
[debug] > command requires scopes: ["email","openid","https://www.googleapis.com/auth/cloudplatformprojects.readonly","https://www.googleapis.com/auth/firebase","https://www.googleapis.com/auth/cloud-platform"]
[debug] >>> HTTP REQUEST GET https://admin.firebase.com/v1/projects/socially-blood  
 Fri Aug 04 2017 17:42:52 GMT+0530 (IST)
[debug] Error: getaddrinfo EAI_AGAIN admin.firebase.com:443
    at Object.exports._errnoException (util.js:1024:11)
    at errnoException (dns.js:55:15)
    at GetAddrInfoReqWrap.onlookup [as oncomplete] (dns.js:92:26)
[error] 
[error] Error: Server Error. getaddrinfo EAI_AGAIN admin.firebase.com:443
[debug] ----------------------------------------------------------------------
[debug] Command:      /usr/bin/nodejs /home/raviteja/npm-global/bin/firebase serve
[debug] CLI Version:  3.6.1
[debug] Platform:     linux
[debug] Node Version: v8.2.1
[debug] Time:         Fri Aug 04 2017 17:43:42 GMT+0530 (IST)
[debug] ----------------------------------------------------------------------
[debug] 
[debug] > command requires scopes: ["email","openid","https://www.googleapis.com/auth/cloudplatformprojects.readonly","https://www.googleapis.com/auth/firebase","https://www.googleapis.com/auth/cloud-platform"]
[debug] >>> HTTP REQUEST GET https://admin.firebase.com/v1/projects/socially-blood  
 Fri Aug 04 2017 17:43:42 GMT+0530 (IST)
[debug] <<< HTTP RESPONSE 200
[debug] >>> HTTP REQUEST GET https://admin.firebase.com/v1/database/socially-blood/tokens  
 Fri Aug 04 2017 17:43:58 GMT+0530 (IST)
[debug] Error: getaddrinfo EAI_AGAIN admin.firebase.com:443
    at Object.exports._errnoException (util.js:1024:11)
    at errnoException (dns.js:55:15)
    at GetAddrInfoReqWrap.onlookup [as oncomplete] (dns.js:92:26)
[error] 
[error] Error: Server Error. getaddrinfo EAI_AGAIN admin.firebase.com:443
[debug] ----------------------------------------------------------------------
[debug] Command:      /usr/bin/nodejs /home/raviteja/npm-global/bin/firebase serve
[debug] CLI Version:  3.6.1
[debug] Platform:     linux
[debug] Node Version: v8.2.1
[debug] Time:         Fri Aug 04 2017 17:44:16 GMT+0530 (IST)
[debug] ----------------------------------------------------------------------
[debug] 
[debug] > command requires scopes: ["email","openid","https://www.googleapis.com/auth/cloudplatformprojects.readonly","https://www.googleapis.com/auth/firebase","https://www.googleapis.com/auth/cloud-platform"]
[debug] >>> HTTP REQUEST GET https://admin.firebase.com/v1/projects/socially-blood  
 Fri Aug 04 2017 17:44:16 GMT+0530 (IST)
[debug] <<< HTTP RESPONSE 200
[debug] >>> HTTP REQUEST GET https://admin.firebase.com/v1/database/socially-blood/tokens  
 Fri Aug 04 2017 17:44:32 GMT+0530 (IST)
[debug] <<< HTTP RESPONSE 200
[info] Starting Firebase development server...
[info] 
[info] Project Directory: /data/test
[debug] >>> HTTP REQUEST GET https://cloudresourcemanager.googleapis.com/v1/projects/socially-blood  
 Fri Aug 04 2017 17:44:49 GMT+0530 (IST)
[debug] <<< HTTP RESPONSE 200
[debug] >>> HTTP REQUEST GET https://mobilesdk-pa.googleapis.com/v1/projects/150982221530/clients/_:getWebAppConfig  
 Fri Aug 04 2017 17:45:00 GMT+0530 (IST)
[debug] <<< HTTP RESPONSE 200
[info] Public Directory: public
[info] 
[info] Server listening at: http://localhost:5000
